<?xml version="1.0" encoding="UTF-8"?>
<!-- Generated by org.testng.reporters.JUnitXMLReporter -->
<testsuite hostname="LAPTOP-KQVUFNV0" ignored="0" name="Web Automation" tests="2" failures="1" timestamp="23 May 2020 07:19:10 GMT" time="69.011" errors="0">
  <testcase name="@BeforeTest loginToSite" time="34.943" classname="com.web.tests.YouTube">
    <failure type="java.lang.NullPointerException">
      <![CDATA[java.lang.NullPointerException
at com.web.tests.YouTube.loginToSite(YouTube.java:65)
at java.util.concurrent.FutureTask.run(Unknown Source)
at java.util.concurrent.ThreadPoolExecutor.runWorker(Unknown Source)
at java.util.concurrent.ThreadPoolExecutor$Worker.run(Unknown Source)
at java.lang.Thread.run(Unknown Source)
... Removed 15 stack frames]]>
    </failure>
  </testcase> <!-- @BeforeTest loginToSite -->
  <testcase name="@BeforeClass beforeClass" time="0.0" classname="com.web.tests.YouTube">
    <skipped/>
  </testcase> <!-- @BeforeClass beforeClass -->
  <testcase name="@BeforeMethod beforeMethod" time="0.0" classname="com.qa.web.BaseTest">
    <skipped/>
  </testcase> <!-- @BeforeMethod beforeMethod -->
  <testcase name="@BeforeMethod beforeMethod" time="0.0" classname="com.web.tests.YouTube">
    <skipped/>
  </testcase> <!-- @BeforeMethod beforeMethod -->
  <testcase name="@AfterTest afterTest" time="0.0" classname="com.qa.web.BaseTest">
    <skipped/>
  </testcase> <!-- @AfterTest afterTest -->
  <testcase name="likevideo" time="0.0" classname="com.web.tests.YouTube">
    <skipped/>
  </testcase> <!-- likevideo -->
  <testcase name="likevideo" time="0.385" classname="com.web.tests.YouTube">
    <failure type="java.lang.NullPointerException">
      <![CDATA[java.lang.NullPointerException
at com.qa.listeners.TestListener.onTestSkipped(TestListener.java:92)
at java.util.concurrent.FutureTask.run(Unknown Source)
at java.util.concurrent.ThreadPoolExecutor.runWorker(Unknown Source)
at java.util.concurrent.ThreadPoolExecutor$Worker.run(Unknown Source)
at java.lang.Thread.run(Unknown Source)
... Removed 14 stack frames]]>
    </failure>
  </testcase> <!-- likevideo -->
</testsuite> <!-- Web Automation -->
